<?xml version="1.0" encoding="UTF-8"?>
<!-- Generated by org.testng.reporters.JUnitReportReporter -->
<testsuite skipped="0" hostname="Abhishek-Thomas" name="Goals.Selenium_Grid.Grid_Setup" tests="1" failures="0" timestamp="04 Apr 2019 11:34:24 GMT" time="8.466" errors="0">
  <testcase name="test" time="8.466" classname="Goals.Selenium_Grid.Grid_Setup"/>
</testsuite> <!-- Goals.Selenium_Grid.Grid_Setup -->
